<?xml version="1.0" encoding="utf-8" standalone="no"?>
<!--This file represents the results of running a test suite-->
<test-results name="L:\DevelopProject\DotNet.Tools\DotNet.Tools\bin\Debug\DotNet.Tools.dll" total="1" errors="0" failures="0" not-run="0" inconclusive="0" ignored="0" skipped="0" invalid="0" date="2011-04-06" time="15:21:11">
  <environment nunit-version="2.5.9.10348" clr-version="4.0.30319.1" os-version="Microsoft Windows NT 5.1.2600 Service Pack 3" platform="Win32NT" cwd="C:\Program Files\NUnit 2.5.9\bin\net-2.0" machine-name="PC2010081511LNR" user="Administrator" user-domain="PC2010081511LNR" />
  <culture-info current-culture="zh-CN" current-uiculture="zh-CN" />
  <test-suite type="Assembly" name="L:\DevelopProject\DotNet.Tools\DotNet.Tools\bin\Debug\DotNet.Tools.dll" executed="True" result="Success" success="True" time="0.047" asserts="0">
    <results>
      <test-suite type="Namespace" name="DotNet" executed="True" result="Success" success="True" time="0.031" asserts="0">
        <results>
          <test-suite type="Namespace" name="Tools" executed="True" result="Success" success="True" time="0.031" asserts="0">
            <results>
              <test-suite type="Namespace" name="Test" executed="True" result="Success" success="True" time="0.031" asserts="0">
                <results>
                  <test-suite type="TestFixture" name="LibTest" executed="True" result="Success" success="True" time="0.031" asserts="0">
                    <results>
                      <test-case name="DotNet.Tools.Test.LibTest.ExtendPropertyTest" executed="True" result="Success" success="True" time="0.000" asserts="2" />
                    </results>
                  </test-suite>
                </results>
              </test-suite>
            </results>
          </test-suite>
        </results>
      </test-suite>
    </results>
  </test-suite>
</test-results>